2024-07-05T10:18:54.831394
Connected - Response: {"event":"login","msg":"","code":"0","connId":"fbd405c1"}
2024-07-05T10:29:51.752860
Connected - Response: {"event":"login","msg":"","code":"0","connId":"56e473c3"}


Event: 2024-07-05T10:29:52.014257 Responce:
{
    "event": "subscribe",
    "arg": {
        "channel": "account"
    },
    "connId": "56e473c3"
}


Event: 2024-07-05T10:29:52.029308 Responce:
{
    "event": "subscribe",
    "arg": {
        "channel": "positions",
        "instType": "ANY"
    },
    "connId": "56e473c3"
}
2024-07-05 10:29:52,172 - ERROR -  
2024-07-05T10:29:52.172263 Error ivent reaction:
'data'


Event: 2024-07-05T10:29:52.187256 Responce:
{
    "arg": {
        "channel": "positions",
        "instType": "ANY",
        "uid": "386428458307340665"
    },
    "data": []
}
2024-07-05 10:29:52,335 - ERROR -  
2024-07-05T10:29:52.335304 Error ivent reaction:
list indices must be integers or slices, not str
2024-07-05T12:04:47.687161
Connected - Response: {"event":"login","msg":"","code":"0","connId":"c9ed8c24"}
2024-07-05T12:04:47.687161
Connected - Response: {"event":"login","msg":"","code":"0","connId":"c9ed8c24"}


Event: 2024-07-05T12:04:48.001710 Responce:


Event: 2024-07-05T12:04:48.001710 Responce:
{
    "event": "subscribe",
    "arg": {
        "channel": "account"
    },
    "connId": "c9ed8c24"
}
{
    "event": "subscribe",
    "arg": {
        "channel": "account"
    },
    "connId": "c9ed8c24"
}


Event: 2024-07-05T12:04:48.020749 Responce:


Event: 2024-07-05T12:04:48.020749 Responce:
{
    "event": "subscribe",
    "arg": {
        "channel": "positions",
        "instType": "ANY"
    },
    "connId": "c9ed8c24"
}
{
    "event": "subscribe",
    "arg": {
        "channel": "positions",
        "instType": "ANY"
    },
    "connId": "c9ed8c24"
}


Event: 2024-07-05T12:04:48.178853 Responce:


Event: 2024-07-05T12:04:48.178853 Responce:
{
    "arg": {
        "channel": "positions",
        "instType": "ANY",
        "uid": "386428458307340665"
    },
    "data": []
}
{
    "arg": {
        "channel": "positions",
        "instType": "ANY",
        "uid": "386428458307340665"
    },
    "data": []
}

2024-07-05T12:04:48.353711 Event:

2024-07-05T12:04:48.353711 Event:
{
    "arg": {
        "channel": "positions",
        "instType": "ANY",
        "uid": "386428458307340665"
    },
    "data": []
}
{
    "arg": {
        "channel": "positions",
        "instType": "ANY",
        "uid": "386428458307340665"
    },
    "data": []
}
2024-07-05T12:06:48.752198
Connected - Response: {"event":"login","msg":"","code":"0","connId":"8d20ee33"}
2024-07-05T12:06:48.752198
Connected - Response: {"event":"login","msg":"","code":"0","connId":"8d20ee33"}


Event: 2024-07-05T12:06:49.058877 Responce:


Event: 2024-07-05T12:06:49.058877 Responce:
{
    "event": "subscribe",
    "arg": {
        "channel": "account"
    },
    "connId": "8d20ee33"
}
{
    "event": "subscribe",
    "arg": {
        "channel": "account"
    },
    "connId": "8d20ee33"
}


Event: 2024-07-05T12:06:49.076347 Responce:


Event: 2024-07-05T12:06:49.076347 Responce:
{
    "event": "subscribe",
    "arg": {
        "channel": "positions",
        "instType": "ANY"
    },
    "connId": "8d20ee33"
}
{
    "event": "subscribe",
    "arg": {
        "channel": "positions",
        "instType": "ANY"
    },
    "connId": "8d20ee33"
}
 
2024-07-05T12:06:49.229187 Error ivent reaction:
'data'
 
2024-07-05T12:06:49.229187 Error ivent reaction:
'data'


Event: 2024-07-05T12:06:49.249136 Responce:


Event: 2024-07-05T12:06:49.249136 Responce:
{
    "arg": {
        "channel": "positions",
        "instType": "ANY",
        "uid": "386428458307340665"
    },
    "data": []
}
{
    "arg": {
        "channel": "positions",
        "instType": "ANY",
        "uid": "386428458307340665"
    },
    "data": []
}

2024-07-05T12:06:49.396142 Event:

2024-07-05T12:06:49.396142 Event:
{
    "arg": {
        "channel": "positions",
        "instType": "ANY",
        "uid": "386428458307340665"
    },
    "data": []
}
{
    "arg": {
        "channel": "positions",
        "instType": "ANY",
        "uid": "386428458307340665"
    },
    "data": []
}
